#
# A fatal error has been detected by the Java Runtime Environment:
#
#  EXCEPTION_ACCESS_VIOLATION (0xc0000005) at pc=0x00007ffb01554f3f, pid=17272, tid=10384
#
# JRE version: Java(TM) SE Runtime Environment (11.0.2+9) (build 11.0.2+9-LTS)
# Java VM: Java HotSpot(TM) 64-Bit Server VM (11.0.2+9-LTS, mixed mode, tiered, compressed oops, g1 gc, windows-amd64)
# Problematic frame:
# C  [freetype.dll+0x44f3f]
#
# No core dump will be written. Minidumps are not enabled by default on client versions of Windows
#
# If you would like to submit a bug report, please visit:
#   http://bugreport.java.com/bugreport/crash.jsp
# The crash happened outside the Java Virtual Machine in native code.
# See problematic frame for where to report the bug.
#

---------------  S U M M A R Y ------------

Command Line: -agentlib:jdwp=transport=dt_socket,address=127.0.0.1:59816,suspend=y,server=n -javaagent:C:\Users\jonat\.IdeaIC2018.3\system\captureAgent\debugger-agent.jar -Dfile.encoding=UTF-8 TicketingSystem

Host: Intel(R) Core(TM) i7-7700HQ CPU @ 2.80GHz, 8 cores, 15G,  Windows 10 , 64 bit Build 17134 (10.0.17134.556)
Time: Tue Feb 19 12:09:13 2019 Eastern Standard Time elapsed time: 6 seconds (0d 0h 0m 6s)

---------------  T H R E A D  ---------------

Current thread (0x000001958dd82800):  JavaThread "AWT-EventQueue-0" [_thread_in_native, id=10384, stack(0x00000053a0d00000,0x00000053a0e00000)]

Stack: [0x00000053a0d00000,0x00000053a0e00000],  sp=0x00000053a0df8d50,  free space=995k
Native frames: (J=compiled Java code, j=interpreted, Vv=VM code, C=native code)
C  [freetype.dll+0x44f3f]

Java frames: (J=compiled Java code, j=interpreted, Vv=VM code)
j  sun.font.FreetypeFontScaler.getGlyphOutlineNative(Lsun/font/Font2D;JJIFF)Ljava/awt/geom/GeneralPath;+0 java.desktop@11.0.2
j  sun.font.FreetypeFontScaler.getGlyphOutline(JIFF)Ljava/awt/geom/GeneralPath;+30 java.desktop@11.0.2
j  sun.font.FileFont.getGlyphOutline(JIFF)Ljava/awt/geom/GeneralPath;+10 java.desktop@11.0.2
j  sun.font.FileFontStrike.getGlyphOutline(IFF)Ljava/awt/geom/GeneralPath;+60 java.desktop@11.0.2
j  sun.font.StandardGlyphVector$GlyphStrike.appendGlyphOutline(ILjava/awt/geom/GeneralPath;FF)V+46 java.desktop@11.0.2
j  sun.font.StandardGlyphVector.getGlyphsOutline(IIFF)Ljava/awt/Shape;+82 java.desktop@11.0.2
j  sun.font.StandardGlyphVector.getOutline(FF)Ljava/awt/Shape;+9 java.desktop@11.0.2
j  sun.font.ExtendedTextSourceLabel.handleGetOutline(FF)Ljava/awt/Shape;+6 java.desktop@11.0.2
j  sun.font.Decoration.getOutline(Lsun/font/Decoration$Label;FF)Ljava/awt/Shape;+3 java.desktop@11.0.2
j  sun.font.ExtendedTextSourceLabel.getOutline(FF)Ljava/awt/Shape;+7 java.desktop@11.0.2
j  java.awt.font.TextLine.getOutline(Ljava/awt/geom/AffineTransform;)Ljava/awt/Shape;+54 java.desktop@11.0.2
j  java.awt.font.TextLayout.getOutline(Ljava/awt/geom/AffineTransform;)Ljava/awt/Shape;+9 java.desktop@11.0.2
j  sun.java2d.pipe.OutlineTextRenderer.drawString(Lsun/java2d/SunGraphics2D;Ljava/lang/String;DD)V+36 java.desktop@11.0.2
j  sun.java2d.pipe.GlyphListPipe.drawString(Lsun/java2d/SunGraphics2D;Ljava/lang/String;DD)V+24 java.desktop@11.0.2
j  sun.java2d.pipe.ValidatePipe.drawString(Lsun/java2d/SunGraphics2D;Ljava/lang/String;DD)V+17 java.desktop@11.0.2
j  sun.java2d.SunGraphics2D.drawString(Ljava/lang/String;FF)V+66 java.desktop@11.0.2
j  sun.swing.SwingUtilities2.drawString(Ljavax/swing/JComponent;Ljava/awt/Graphics;Ljava/lang/String;FFZ)V+361 java.desktop@11.0.2
j  sun.swing.SwingUtilities2.drawStringUnderlineCharAt(Ljavax/swing/JComponent;Ljava/awt/Graphics;Ljava/lang/String;IFFZ)V+21 java.desktop@11.0.2
j  sun.swing.SwingUtilities2.drawStringUnderlineCharAt(Ljavax/swing/JComponent;Ljava/awt/Graphics;Ljava/lang/String;III)V+11 java.desktop@11.0.2
j  javax.swing.plaf.basic.BasicLabelUI.paintEnabledText(Ljavax/swing/JLabel;Ljava/awt/Graphics;Ljava/lang/String;II)V+23 java.desktop@11.0.2
j  javax.swing.plaf.basic.BasicLabelUI.paint(Ljava/awt/Graphics;Ljavax/swing/JComponent;)V+168 java.desktop@11.0.2
j  javax.swing.plaf.ComponentUI.update(Ljava/awt/Graphics;Ljavax/swing/JComponent;)V+32 java.desktop@11.0.2
j  javax.swing.JComponent.paintComponent(Ljava/awt/Graphics;)V+26 java.desktop@11.0.2
j  javax.swing.JComponent.paint(Ljava/awt/Graphics;)V+286 java.desktop@11.0.2
j  javax.swing.JComponent.paintChildren(Ljava/awt/Graphics;)V+523 java.desktop@11.0.2
j  javax.swing.JComponent.paint(Ljava/awt/Graphics;)V+318 java.desktop@11.0.2
j  javax.swing.JComponent.paintChildren(Ljava/awt/Graphics;)V+523 java.desktop@11.0.2
j  javax.swing.JComponent.paint(Ljava/awt/Graphics;)V+318 java.desktop@11.0.2
j  javax.swing.JComponent.paintChildren(Ljava/awt/Graphics;)V+523 java.desktop@11.0.2
j  javax.swing.JComponent.paint(Ljava/awt/Graphics;)V+318 java.desktop@11.0.2
j  javax.swing.JComponent.paintChildren(Ljava/awt/Graphics;)V+523 java.desktop@11.0.2
j  javax.swing.JComponent.paint(Ljava/awt/Graphics;)V+318 java.desktop@11.0.2
j  javax.swing.JComponent.paintChildren(Ljava/awt/Graphics;)V+523 java.desktop@11.0.2
j  javax.swing.JComponent.paint(Ljava/awt/Graphics;)V+318 java.desktop@11.0.2
j  javax.swing.JLayeredPane.paint(Ljava/awt/Graphics;)V+73 java.desktop@11.0.2
j  javax.swing.JComponent.paintChildren(Ljava/awt/Graphics;)V+523 java.desktop@11.0.2
j  javax.swing.JComponent.paintToOffscreen(Ljava/awt/Graphics;IIIIII)V+72 java.desktop@11.0.2
j  javax.swing.RepaintManager$PaintManager.paintDoubleBufferedFPScales(Ljavax/swing/JComponent;Ljava/awt/Image;Ljava/awt/Graphics;IIII)V+320 java.desktop@11.0.2
j  javax.swing.RepaintManager$PaintManager.paintDoubleBuffered(Ljavax/swing/JComponent;Ljava/awt/Image;Ljava/awt/Graphics;IIII)V+28 java.desktop@11.0.2
j  javax.swing.RepaintManager$PaintManager.paint(Ljavax/swing/JComponent;Ljavax/swing/JComponent;Ljava/awt/Graphics;IIII)Z+128 java.desktop@11.0.2
j  javax.swing.RepaintManager.paint(Ljavax/swing/JComponent;Ljavax/swing/JComponent;Ljava/awt/Graphics;IIII)V+51 java.desktop@11.0.2
j  javax.swing.JComponent.paint(Ljava/awt/Graphics;)V+221 java.desktop@11.0.2
j  java.awt.GraphicsCallback$PaintCallback.run(Ljava/awt/Component;Ljava/awt/Graphics;)V+2 java.desktop@11.0.2
j  sun.awt.SunGraphicsCallback.runOneComponent(Ljava/awt/Component;Ljava/awt/Rectangle;Ljava/awt/Graphics;Ljava/awt/Shape;I)V+155 java.desktop@11.0.2
j  sun.awt.SunGraphicsCallback.runComponents([Ljava/awt/Component;Ljava/awt/Graphics;I)V+157 java.desktop@11.0.2
j  java.awt.Container.paint(Ljava/awt/Graphics;)V+58 java.desktop@11.0.2
j  java.awt.Window.paint(Ljava/awt/Graphics;)V+68 java.desktop@11.0.2
j  javax.swing.RepaintManager$4.run()Ljava/lang/Void;+142 java.desktop@11.0.2
j  javax.swing.RepaintManager$4.run()Ljava/lang/Object;+1 java.desktop@11.0.2
v  ~StubRoutines::call_stub
j  java.security.AccessController.doPrivileged(Ljava/security/PrivilegedAction;Ljava/security/AccessControlContext;)Ljava/lang/Object;+0 java.base@11.0.2
j  java.security.ProtectionDomain$JavaSecurityAccessImpl.doIntersectionPrivilege(Ljava/security/PrivilegedAction;Ljava/security/AccessControlContext;Ljava/security/AccessControlContext;)Ljava/lang/Object;+18 java.base@11.0.2
j  javax.swing.RepaintManager.paintDirtyRegions(Ljava/util/Map;)V+154 java.desktop@11.0.2
j  javax.swing.RepaintManager.paintDirtyRegions()V+46 java.desktop@11.0.2
j  javax.swing.RepaintManager.prePaintDirtyRegions()V+73 java.desktop@11.0.2
j  javax.swing.RepaintManager$ProcessingRunnable.run()V+37 java.desktop@11.0.2
j  java.awt.event.InvocationEvent.dispatch$$$capture()V+47 java.desktop@11.0.2
j  java.awt.event.InvocationEvent.dispatch()V+5 java.desktop@11.0.2
j  java.awt.EventQueue.dispatchEventImpl(Ljava/awt/AWTEvent;Ljava/lang/Object;)V+21 java.desktop@11.0.2
j  java.awt.EventQueue$4.run()Ljava/lang/Void;+32 java.desktop@11.0.2
j  java.awt.EventQueue$4.run()Ljava/lang/Object;+1 java.desktop@11.0.2
v  ~StubRoutines::call_stub
j  java.security.AccessController.doPrivileged(Ljava/security/PrivilegedAction;Ljava/security/AccessControlContext;)Ljava/lang/Object;+0 java.base@11.0.2
j  java.security.ProtectionDomain$JavaSecurityAccessImpl.doIntersectionPrivilege(Ljava/security/PrivilegedAction;Ljava/security/AccessControlContext;Ljava/security/AccessControlContext;)Ljava/lang/Object;+18 java.base@11.0.2
j  java.awt.EventQueue.dispatchEvent(Ljava/awt/AWTEvent;)V+46 java.desktop@11.0.2
j  java.awt.EventDispatchThread.pumpOneEventForFilters(I)V+78 java.desktop@11.0.2
j  java.awt.EventDispatchThread.pumpEventsForFilter(ILjava/awt/Conditional;Ljava/awt/EventFilter;)V+35 java.desktop@11.0.2
j  java.awt.EventDispatchThread.pumpEventsForHierarchy(ILjava/awt/Conditional;Ljava/awt/Component;)V+11 java.desktop@11.0.2
j  java.awt.EventDispatchThread.pumpEvents(ILjava/awt/Conditional;)V+4 java.desktop@11.0.2
j  java.awt.EventDispatchThread.pumpEvents(Ljava/awt/Conditional;)V+3 java.desktop@11.0.2
j  java.awt.EventDispatchThread.run()V+9 java.desktop@11.0.2
v  ~StubRoutines::call_stub

siginfo: EXCEPTION_ACCESS_VIOLATION (0xc0000005), reading address 0x00000000000000e0


Register to memory mapping:

RIP=0x00007ffb01554f3f freetype.dll
RAX=0x00000053a0df8d80 is pointing into the stack for thread: 0x000001958dd82800
RBX=0x00000053a0df8f90 is pointing into the stack for thread: 0x000001958dd82800
RCX=0x0000019589f48c40 points into unknown readable memory: 01 00 00 00 00 00 00 00
RDX=0x0 is NULL
RSP=0x00000053a0df8d50 is pointing into the stack for thread: 0x000001958dd82800
RBP=0x000001958a4c85f0 points into unknown readable memory: f0 b5 f8 8d 95 01 00 00
RSI=0x000000000000003b is an unknown value
RDI=0x0000019589f48c40 points into unknown readable memory: 01 00 00 00 00 00 00 00
R8 =0x000000000000003b is an unknown value
R9 =0x00000053a0df8dd8 is pointing into the stack for thread: 0x000001958dd82800
R10=0x0 is NULL
R11=0x000001958cd252f0 points into unknown readable memory: 40 2b d8 8d 95 01 00 00
R12=0x000000000000003b is an unknown value
R13=0x0 is NULL
R14=0x0000000000005a88 is an unknown value
R15=0x00000195fec9b980 points into unknown readable memory: 30 d8 4c 8a 95 01 00 00


Registers:
RAX=0x00000053a0df8d80, RBX=0x00000053a0df8f90, RCX=0x0000019589f48c40, RDX=0x0000000000000000
RSP=0x00000053a0df8d50, RBP=0x000001958a4c85f0, RSI=0x000000000000003b, RDI=0x0000019589f48c40
R8 =0x000000000000003b, R9 =0x00000053a0df8dd8, R10=0x0000000000000000, R11=0x000001958cd252f0
R12=0x000000000000003b, R13=0x0000000000000000, R14=0x0000000000005a88, R15=0x00000195fec9b980
RIP=0x00007ffb01554f3f, EFLAGS=0x0000000000010246

Top of Stack: (sp=0x00000053a0df8d50)
0x00000053a0df8d50:   000001958a4c85f0 000001958a4cd830
0x00000053a0df8d60:   0000000000000000 00000000000000ac
0x00000053a0df8d70:   00000053a0df8d80 00000000000000ac
0x00000053a0df8d80:   000001958a4c0000 00007ffb01552a92
0x00000053a0df8d90:   0000019589f48c40 0000000000000000
0x00000053a0df8da0:   0000000000001ecc 00000053a0df8ec0
0x00000053a0df8db0:   00000053a0df8f90 00007ffb01554622
0x00000053a0df8dc0:   00000053a0df0000 0000000000001ecc
0x00000053a0df8dd0:   0000000000000000 00007ffaf0030000
0x00000053a0df8de0:   00000195ed047880 00000053a0df9210
0x00000053a0df8df0:   0000000100000000 00058c00ecff0bfb
0x00000053a0df8e00:   0000000000058c00 00007ffaefb31b83
0x00000053a0df8e10:   000000014eeacd38 00007ffa0000000c
0x00000053a0df8e20:   000000008dd80000 0000019500000000
0x00000053a0df8e30:   00000053a0df9150 00007ffaefdd5da0
0x00000053a0df8e40:   0000000000000020 000000014eeacd38 

Instructions: (pc=0x00007ffb01554f3f)
0x00007ffb01554f1f:   02 00 00 4c 8d 8c 24 88 00 00 00 44 8b f0 44 8b
0x00007ffb01554f2f:   c6 48 8d 44 24 30 33 d2 48 8b cf 48 89 44 24 20
0x00007ffb01554f3f:   41 ff 92 e0 00 00 00 80 bf 90 01 00 00 00 8b 4b
0x00007ffb01554f4f:   44 74 2d 4c 8b 97 d0 02 00 00 48 8d 84 24 80 00 


Stack slot to memory mapping:
stack at sp + 0 slots: 0x000001958a4c85f0 points into unknown readable memory: f0 b5 f8 8d 95 01 00 00
stack at sp + 1 slots: 0x000001958a4cd830 points into unknown readable memory: 00 00 00 00 00 00 00 00
stack at sp + 2 slots: 0x0 is NULL
stack at sp + 3 slots: 0x00000000000000ac is an unknown value
stack at sp + 4 slots: 0x00000053a0df8d80 is pointing into the stack for thread: 0x000001958dd82800
stack at sp + 5 slots: 0x00000000000000ac is an unknown value
stack at sp + 6 slots: 0x000001958a4c0000 points into unknown readable memory: 10 d4 6a ed 95 01 00 00
stack at sp + 7 slots: 0x00007ffb01552a92 freetype.dll


---------------  P R O C E S S  ---------------

Threads class SMR info:
_java_thread_list=0x000001958d06c8f0, length=15, elements={
0x00000195ff677000, 0x00000195ff681800, 0x00000195ff6e3800, 0x00000195ff6e4800,
0x00000195ff6e7000, 0x00000195ff690800, 0x00000195ff693800, 0x00000195ff858800,
0x00000195ff92c800, 0x000001958a086000, 0x000001958a246000, 0x0000019589fef000,
0x000001958dd82800, 0x00000195e34ab000, 0x000001958a3fb800
}

Java Threads: ( => current thread )
  0x00000195ff677000 JavaThread "Reference Handler" daemon [_thread_blocked, id=13580, stack(0x000000539f700000,0x000000539f800000)]
  0x00000195ff681800 JavaThread "Finalizer" daemon [_thread_blocked, id=17000, stack(0x000000539f800000,0x000000539f900000)]
  0x00000195ff6e3800 JavaThread "Signal Dispatcher" daemon [_thread_blocked, id=13540, stack(0x000000539f900000,0x000000539fa00000)]
  0x00000195ff6e4800 JavaThread "Attach Listener" daemon [_thread_blocked, id=9492, stack(0x000000539fa00000,0x000000539fb00000)]
  0x00000195ff6e7000 JavaThread "C2 CompilerThread0" daemon [_thread_blocked, id=13412, stack(0x000000539fb00000,0x000000539fc00000)]
  0x00000195ff690800 JavaThread "C1 CompilerThread0" daemon [_thread_blocked, id=20268, stack(0x000000539fc00000,0x000000539fd00000)]
  0x00000195ff693800 JavaThread "Sweeper thread" daemon [_thread_blocked, id=14232, stack(0x000000539fd00000,0x000000539fe00000)]
  0x00000195ff858800 JavaThread "Common-Cleaner" daemon [_thread_blocked, id=7456, stack(0x000000539fe00000,0x000000539ff00000)]
  0x00000195ff92c800 JavaThread "JDWP Event Helper Thread" daemon [_thread_blocked, id=13644, stack(0x00000053a0000000,0x00000053a0100000)]
  0x000001958a086000 JavaThread "Service Thread" daemon [_thread_blocked, id=13860, stack(0x00000053a0200000,0x00000053a0300000)]
  0x000001958a246000 JavaThread "Java2D Disposer" daemon [_thread_blocked, id=7072, stack(0x00000053a0400000,0x00000053a0500000)]
  0x0000019589fef000 JavaThread "AWT-Shutdown" [_thread_blocked, id=13352, stack(0x00000053a0500000,0x00000053a0600000)]
=>0x000001958dd82800 JavaThread "AWT-EventQueue-0" [_thread_in_native, id=10384, stack(0x00000053a0d00000,0x00000053a0e00000)]
  0x00000195e34ab000 JavaThread "DestroyJavaVM" [_thread_blocked, id=13240, stack(0x000000539f000000,0x000000539f100000)]
  0x000001958a3fb800 JavaThread "SIGINT handler" daemon [_thread_blocked, id=16220, stack(0x00000053a0700000,0x00000053a0800000)]

Other Threads:
  0x00000195ff652000 VMThread "VM Thread" [stack: 0x000000539f600000,0x000000539f700000] [id=16672]
  0x0000019589f68800 WatcherThread [stack: 0x00000053a0300000,0x00000053a0400000] [id=13804]
  0x00000195e34c1800 GCTaskThread "GC Thread#0" [stack: 0x000000539f100000,0x000000539f200000] [id=13600]
  0x000001958a400800 GCTaskThread "GC Thread#1" [stack: 0x00000053a0800000,0x00000053a0900000] [id=17764]
  0x000001958cd0e800 GCTaskThread "GC Thread#2" [stack: 0x00000053a0900000,0x00000053a0a00000] [id=18144]
  0x000001958cf0f800 GCTaskThread "GC Thread#3" [stack: 0x00000053a0a00000,0x00000053a0b00000] [id=18064]
  0x000001958a69e000 GCTaskThread "GC Thread#4" [stack: 0x00000053a0b00000,0x00000053a0c00000] [id=10820]
  0x000001958a206800 GCTaskThread "GC Thread#5" [stack: 0x00000053a0c00000,0x00000053a0d00000] [id=12444]
  0x00000195e343c800 ConcurrentGCThread "G1 Main Marker" [stack: 0x000000539f200000,0x000000539f300000] [id=17936]
  0x00000195e351d000 ConcurrentGCThread "G1 Conc#0" [stack: 0x000000539f300000,0x000000539f400000] [id=7296]
  0x00000195fecaf000 ConcurrentGCThread "G1 Refine#0" [stack: 0x000000539f400000,0x000000539f500000] [id=6708]
  0x00000195fecb0000 ConcurrentGCThread "G1 Young RemSet Sampling" [stack: 0x000000539f500000,0x000000539f600000] [id=1504]

Threads with active compile tasks:

VM state:not at safepoint (normal execution)

VM Mutex/Monitor currently owned by a thread: None

Heap address: 0x0000000702c00000, size: 4052 MB, Compressed Oops mode: Zero based, Oop shift amount: 3
Narrow klass base: 0x0000000800000000, Narrow klass shift: 0
Compressed class space size: 1073741824 Address: 0x0000000800000000

Heap:
 garbage-first heap   total 260096K, used 56587K [0x0000000702c00000, 0x0000000800000000)
  region size 1024K, 27 young (27648K), 3 survivors (3072K)
 Metaspace       used 18657K, capacity 19724K, committed 19968K, reserved 1067008K
  class space    used 2202K, capacity 2735K, committed 2816K, reserved 1048576K
Heap Regions: E=young(eden), S=young(survivor), O=old, HS=humongous(starts), HC=humongous(continues), CS=collection set, F=free, A=archive, TAMS=top-at-mark-start (previous, next)
|   0|0x0000000702c00000, 0x0000000702c42c00, 0x0000000702d00000| 26%| O|  |TAMS 0x0000000702c00000, 0x0000000702c00000| Untracked 
|   1|0x0000000702d00000, 0x0000000702e00000, 0x0000000702e00000|100%|HS|  |TAMS 0x0000000702d00000, 0x0000000702d00000| Complete 
|   2|0x0000000702e00000, 0x0000000702f00000, 0x0000000702f00000|100%|HC|  |TAMS 0x0000000702e00000, 0x0000000702e00000| Complete 
|   3|0x0000000702f00000, 0x0000000703000000, 0x0000000703000000|100%|HC|  |TAMS 0x0000000702f00000, 0x0000000702f00000| Complete 
|   4|0x0000000703000000, 0x0000000703100000, 0x0000000703100000|100%|HC|  |TAMS 0x0000000703000000, 0x0000000703000000| Complete 
|   5|0x0000000703100000, 0x0000000703200000, 0x0000000703200000|100%|HC|  |TAMS 0x0000000703100000, 0x0000000703100000| Complete 
|   6|0x0000000703200000, 0x0000000703300000, 0x0000000703300000|100%|HC|  |TAMS 0x0000000703200000, 0x0000000703200000| Complete 
|   7|0x0000000703300000, 0x0000000703400000, 0x0000000703400000|100%|HC|  |TAMS 0x0000000703300000, 0x0000000703300000| Complete 
|   8|0x0000000703400000, 0x0000000703500000, 0x0000000703500000|100%|HC|  |TAMS 0x0000000703400000, 0x0000000703400000| Complete 
|   9|0x0000000703500000, 0x0000000703600000, 0x0000000703600000|100%|HC|  |TAMS 0x0000000703500000, 0x0000000703500000| Complete 
|  10|0x0000000703600000, 0x0000000703700000, 0x0000000703700000|100%|HC|  |TAMS 0x0000000703600000, 0x0000000703600000| Complete 
|  11|0x0000000703700000, 0x0000000703800000, 0x0000000703800000|100%|HC|  |TAMS 0x0000000703700000, 0x0000000703700000| Complete 
|  12|0x0000000703800000, 0x0000000703900000, 0x0000000703900000|100%|HC|  |TAMS 0x0000000703800000, 0x0000000703800000| Complete 
|  13|0x0000000703900000, 0x0000000703a00000, 0x0000000703a00000|100%|HC|  |TAMS 0x0000000703900000, 0x0000000703900000| Complete 
|  14|0x0000000703a00000, 0x0000000703b00000, 0x0000000703b00000|100%|HC|  |TAMS 0x0000000703a00000, 0x0000000703a00000| Complete 
|  15|0x0000000703b00000, 0x0000000703c00000, 0x0000000703c00000|100%|HC|  |TAMS 0x0000000703b00000, 0x0000000703b00000| Complete 
|  16|0x0000000703c00000, 0x0000000703d00000, 0x0000000703d00000|100%|HC|  |TAMS 0x0000000703c00000, 0x0000000703c00000| Complete 
|  17|0x0000000703d00000, 0x0000000703e00000, 0x0000000703e00000|100%|HC|  |TAMS 0x0000000703d00000, 0x0000000703d00000| Complete 
|  18|0x0000000703e00000, 0x0000000703f00000, 0x0000000703f00000|100%|HC|  |TAMS 0x0000000703e00000, 0x0000000703e00000| Complete 
|  19|0x0000000703f00000, 0x0000000704000000, 0x0000000704000000|100%|HC|  |TAMS 0x0000000703f00000, 0x0000000703f00000| Complete 
|  20|0x0000000704000000, 0x0000000704100000, 0x0000000704100000|100%|HC|  |TAMS 0x0000000704000000, 0x0000000704000000| Complete 
|  21|0x0000000704100000, 0x0000000704200000, 0x0000000704200000|100%|HC|  |TAMS 0x0000000704100000, 0x0000000704100000| Complete 
|  22|0x0000000704200000, 0x0000000704300000, 0x0000000704300000|100%|HC|  |TAMS 0x0000000704200000, 0x0000000704200000| Complete 
|  23|0x0000000704300000, 0x0000000704400000, 0x0000000704400000|100%|HC|  |TAMS 0x0000000704300000, 0x0000000704300000| Complete 
|  24|0x0000000704400000, 0x0000000704500000, 0x0000000704500000|100%|HC|  |TAMS 0x0000000704400000, 0x0000000704400000| Complete 
|  25|0x0000000704500000, 0x0000000704600000, 0x0000000704600000|100%|HC|  |TAMS 0x0000000704500000, 0x0000000704500000| Complete 
|  26|0x0000000704600000, 0x0000000704700000, 0x0000000704700000|100%|HC|  |TAMS 0x0000000704600000, 0x0000000704600000| Complete 
|  27|0x0000000704700000, 0x0000000704800000, 0x0000000704800000|100%|HC|  |TAMS 0x0000000704700000, 0x0000000704700000| Complete 
|  28|0x0000000704800000, 0x0000000704900000, 0x0000000704900000|100%|HC|  |TAMS 0x0000000704800000, 0x0000000704800000| Complete 
|  29|0x0000000704900000, 0x0000000704a00000, 0x0000000704a00000|100%|HC|  |TAMS 0x0000000704900000, 0x0000000704900000| Complete 
|  30|0x0000000704a00000, 0x0000000704b00000, 0x0000000704b00000|100%|HC|  |TAMS 0x0000000704a00000, 0x0000000704a00000| Complete 
|  31|0x0000000704b00000, 0x0000000704b00000, 0x0000000704c00000|  0%| F|  |TAMS 0x0000000704b00000, 0x0000000704b00000| Untracked 
|  32|0x0000000704c00000, 0x0000000704c00000, 0x0000000704d00000|  0%| F|  |TAMS 0x0000000704c00000, 0x0000000704c00000| Untracked 
|  33|0x0000000704d00000, 0x0000000704d00000, 0x0000000704e00000|  0%| F|  |TAMS 0x0000000704d00000, 0x0000000704d00000| Untracked 
|  34|0x0000000704e00000, 0x0000000704e00000, 0x0000000704f00000|  0%| F|  |TAMS 0x0000000704e00000, 0x0000000704e00000| Untracked 
|  35|0x0000000704f00000, 0x0000000704f00000, 0x0000000705000000|  0%| F|  |TAMS 0x0000000704f00000, 0x0000000704f00000| Untracked 
|  36|0x0000000705000000, 0x0000000705000000, 0x0000000705100000|  0%| F|  |TAMS 0x0000000705000000, 0x0000000705000000| Untracked 
|  37|0x0000000705100000, 0x0000000705100000, 0x0000000705200000|  0%| F|  |TAMS 0x0000000705100000, 0x0000000705100000| Untracked 
|  38|0x0000000705200000, 0x0000000705200000, 0x0000000705300000|  0%| F|  |TAMS 0x0000000705200000, 0x0000000705200000| Untracked 
|  39|0x0000000705300000, 0x0000000705300000, 0x0000000705400000|  0%| F|  |TAMS 0x0000000705300000, 0x0000000705300000| Untracked 
|  40|0x0000000705400000, 0x0000000705400000, 0x0000000705500000|  0%| F|  |TAMS 0x0000000705400000, 0x0000000705400000| Untracked 
|  41|0x0000000705500000, 0x0000000705500000, 0x0000000705600000|  0%| F|  |TAMS 0x0000000705500000, 0x0000000705500000| Untracked 
|  42|0x0000000705600000, 0x0000000705600000, 0x0000000705700000|  0%| F|  |TAMS 0x0000000705600000, 0x0000000705600000| Untracked 
|  43|0x0000000705700000, 0x0000000705700000, 0x0000000705800000|  0%| F|  |TAMS 0x0000000705700000, 0x0000000705700000| Untracked 
|  44|0x0000000705800000, 0x0000000705800000, 0x0000000705900000|  0%| F|  |TAMS 0x0000000705800000, 0x0000000705800000| Untracked 
|  45|0x0000000705900000, 0x0000000705900000, 0x0000000705a00000|  0%| F|  |TAMS 0x0000000705900000, 0x0000000705900000| Untracked 
|  46|0x0000000705a00000, 0x0000000705a00000, 0x0000000705b00000|  0%| F|  |TAMS 0x0000000705a00000, 0x0000000705a00000| Untracked 
|  47|0x0000000705b00000, 0x0000000705b00000, 0x0000000705c00000|  0%| F|  |TAMS 0x0000000705b00000, 0x0000000705b00000| Untracked 
|  48|0x0000000705c00000, 0x0000000705c00000, 0x0000000705d00000|  0%| F|  |TAMS 0x0000000705c00000, 0x0000000705c00000| Untracked 
|  49|0x0000000705d00000, 0x0000000705d00000, 0x0000000705e00000|  0%| F|  |TAMS 0x0000000705d00000, 0x0000000705d00000| Untracked 
|  50|0x0000000705e00000, 0x0000000705e00000, 0x0000000705f00000|  0%| F|  |TAMS 0x0000000705e00000, 0x0000000705e00000| Untracked 
|  51|0x0000000705f00000, 0x0000000705f00000, 0x0000000706000000|  0%| F|  |TAMS 0x0000000705f00000, 0x0000000705f00000| Untracked 
|  52|0x0000000706000000, 0x0000000706000000, 0x0000000706100000|  0%| F|  |TAMS 0x0000000706000000, 0x0000000706000000| Untracked 
|  53|0x0000000706100000, 0x0000000706100000, 0x0000000706200000|  0%| F|  |TAMS 0x0000000706100000, 0x0000000706100000| Untracked 
|  54|0x0000000706200000, 0x0000000706200000, 0x0000000706300000|  0%| F|  |TAMS 0x0000000706200000, 0x0000000706200000| Untracked 
|  55|0x0000000706300000, 0x0000000706300000, 0x0000000706400000|  0%| F|  |TAMS 0x0000000706300000, 0x0000000706300000| Untracked 
|  56|0x0000000706400000, 0x0000000706400000, 0x0000000706500000|  0%| F|  |TAMS 0x0000000706400000, 0x0000000706400000| Untracked 
|  57|0x0000000706500000, 0x0000000706500000, 0x0000000706600000|  0%| F|  |TAMS 0x0000000706500000, 0x0000000706500000| Untracked 
|  58|0x0000000706600000, 0x0000000706600000, 0x0000000706700000|  0%| F|  |TAMS 0x0000000706600000, 0x0000000706600000| Untracked 
|  59|0x0000000706700000, 0x0000000706700000, 0x0000000706800000|  0%| F|  |TAMS 0x0000000706700000, 0x0000000706700000| Untracked 
|  60|0x0000000706800000, 0x0000000706800000, 0x0000000706900000|  0%| F|  |TAMS 0x0000000706800000, 0x0000000706800000| Untracked 
|  61|0x0000000706900000, 0x0000000706900000, 0x0000000706a00000|  0%| F|  |TAMS 0x0000000706900000, 0x0000000706900000| Untracked 
|  62|0x0000000706a00000, 0x0000000706a00000, 0x0000000706b00000|  0%| F|  |TAMS 0x0000000706a00000, 0x0000000706a00000| Untracked 
|  63|0x0000000706b00000, 0x0000000706b00000, 0x0000000706c00000|  0%| F|  |TAMS 0x0000000706b00000, 0x0000000706b00000| Untracked 
|  64|0x0000000706c00000, 0x0000000706c00000, 0x0000000706d00000|  0%| F|  |TAMS 0x0000000706c00000, 0x0000000706c00000| Untracked 
|  65|0x0000000706d00000, 0x0000000706d00000, 0x0000000706e00000|  0%| F|  |TAMS 0x0000000706d00000, 0x0000000706d00000| Untracked 
|  66|0x0000000706e00000, 0x0000000706e00000, 0x0000000706f00000|  0%| F|  |TAMS 0x0000000706e00000, 0x0000000706e00000| Untracked 
|  67|0x0000000706f00000, 0x0000000706f00000, 0x0000000707000000|  0%| F|  |TAMS 0x0000000706f00000, 0x0000000706f00000| Untracked 
|  68|0x0000000707000000, 0x0000000707000000, 0x0000000707100000|  0%| F|  |TAMS 0x0000000707000000, 0x0000000707000000| Untracked 
|  69|0x0000000707100000, 0x0000000707100000, 0x0000000707200000|  0%| F|  |TAMS 0x0000000707100000, 0x0000000707100000| Untracked 
|  70|0x0000000707200000, 0x0000000707200000, 0x0000000707300000|  0%| F|  |TAMS 0x0000000707200000, 0x0000000707200000| Untracked 
|  71|0x0000000707300000, 0x0000000707300000, 0x0000000707400000|  0%| F|  |TAMS 0x0000000707300000, 0x0000000707300000| Untracked 
|  72|0x0000000707400000, 0x0000000707400000, 0x0000000707500000|  0%| F|  |TAMS 0x0000000707400000, 0x0000000707400000| Untracked 
|  73|0x0000000707500000, 0x0000000707500000, 0x0000000707600000|  0%| F|  |TAMS 0x0000000707500000, 0x0000000707500000| Untracked 
|  74|0x0000000707600000, 0x0000000707600000, 0x0000000707700000|  0%| F|  |TAMS 0x0000000707600000, 0x0000000707600000| Untracked 
|  75|0x0000000707700000, 0x0000000707700000, 0x0000000707800000|  0%| F|  |TAMS 0x0000000707700000, 0x0000000707700000| Untracked 
|  76|0x0000000707800000, 0x0000000707800000, 0x0000000707900000|  0%| F|  |TAMS 0x0000000707800000, 0x0000000707800000| Untracked 
|  77|0x0000000707900000, 0x0000000707900000, 0x0000000707a00000|  0%| F|  |TAMS 0x0000000707900000, 0x0000000707900000| Untracked 
|  78|0x0000000707a00000, 0x0000000707a00000, 0x0000000707b00000|  0%| F|  |TAMS 0x0000000707a00000, 0x0000000707a00000| Untracked 
|  79|0x0000000707b00000, 0x0000000707b00000, 0x0000000707c00000|  0%| F|  |TAMS 0x0000000707b00000, 0x0000000707b00000| Untracked 
|  80|0x0000000707c00000, 0x0000000707c00000, 0x0000000707d00000|  0%| F|  |TAMS 0x0000000707c00000, 0x0000000707c00000| Untracked 
|  81|0x0000000707d00000, 0x0000000707d00000, 0x0000000707e00000|  0%| F|  |TAMS 0x0000000707d00000, 0x0000000707d00000| Untracked 
|  82|0x0000000707e00000, 0x0000000707e00000, 0x0000000707f00000|  0%| F|  |TAMS 0x0000000707e00000, 0x0000000707e00000| Untracked 
|  83|0x0000000707f00000, 0x0000000707f00000, 0x0000000708000000|  0%| F|  |TAMS 0x0000000707f00000, 0x0000000707f00000| Untracked 
|  84|0x0000000708000000, 0x0000000708000000, 0x0000000708100000|  0%| F|  |TAMS 0x0000000708000000, 0x0000000708000000| Untracked 
|  85|0x0000000708100000, 0x0000000708100000, 0x0000000708200000|  0%| F|  |TAMS 0x0000000708100000, 0x0000000708100000| Untracked 
|  86|0x0000000708200000, 0x0000000708200000, 0x0000000708300000|  0%| F|  |TAMS 0x0000000708200000, 0x0000000708200000| Untracked 
|  87|0x0000000708300000, 0x0000000708300000, 0x0000000708400000|  0%| F|  |TAMS 0x0000000708300000, 0x0000000708300000| Untracked 
|  88|0x0000000708400000, 0x0000000708400000, 0x0000000708500000|  0%| F|  |TAMS 0x0000000708400000, 0x0000000708400000| Untracked 
|  89|0x0000000708500000, 0x0000000708500000, 0x0000000708600000|  0%| F|  |TAMS 0x0000000708500000, 0x0000000708500000| Untracked 
|  90|0x0000000708600000, 0x0000000708600000, 0x0000000708700000|  0%| F|  |TAMS 0x0000000708600000, 0x0000000708600000| Untracked 
|  91|0x0000000708700000, 0x0000000708700000, 0x0000000708800000|  0%| F|  |TAMS 0x0000000708700000, 0x0000000708700000| Untracked 
|  92|0x0000000708800000, 0x0000000708800000, 0x0000000708900000|  0%| F|  |TAMS 0x0000000708800000, 0x0000000708800000| Untracked 
|  93|0x0000000708900000, 0x0000000708900000, 0x0000000708a00000|  0%| F|  |TAMS 0x0000000708900000, 0x0000000708900000| Untracked 
|  94|0x0000000708a00000, 0x0000000708a00000, 0x0000000708b00000|  0%| F|  |TAMS 0x0000000708a00000, 0x0000000708a00000| Untracked 
|  95|0x0000000708b00000, 0x0000000708b00000, 0x0000000708c00000|  0%| F|  |TAMS 0x0000000708b00000, 0x0000000708b00000| Untracked 
|  96|0x0000000708c00000, 0x0000000708c00000, 0x0000000708d00000|  0%| F|  |TAMS 0x0000000708c00000, 0x0000000708c00000| Untracked 
|  97|0x0000000708d00000, 0x0000000708d00000, 0x0000000708e00000|  0%| F|  |TAMS 0x0000000708d00000, 0x0000000708d00000| Untracked 
|  98|0x0000000708e00000, 0x0000000708e00000, 0x0000000708f00000|  0%| F|  |TAMS 0x0000000708e00000, 0x0000000708e00000| Untracked 
|  99|0x0000000708f00000, 0x0000000708f00000, 0x0000000709000000|  0%| F|  |TAMS 0x0000000708f00000, 0x0000000708f00000| Untracked 
| 100|0x0000000709000000, 0x0000000709000000, 0x0000000709100000|  0%| F|  |TAMS 0x0000000709000000, 0x0000000709000000| Untracked 
| 101|0x0000000709100000, 0x0000000709100000, 0x0000000709200000|  0%| F|  |TAMS 0x0000000709100000, 0x0000000709100000| Untracked 
| 102|0x0000000709200000, 0x0000000709200000, 0x0000000709300000|  0%| F|  |TAMS 0x0000000709200000, 0x0000000709200000| Untracked 
| 103|0x0000000709300000, 0x0000000709300000, 0x0000000709400000|  0%| F|  |TAMS 0x0000000709300000, 0x0000000709300000| Untracked 
| 104|0x0000000709400000, 0x0000000709400000, 0x0000000709500000|  0%| F|  |TAMS 0x0000000709400000, 0x0000000709400000| Untracked 
| 105|0x0000000709500000, 0x0000000709500000, 0x0000000709600000|  0%| F|  |TAMS 0x0000000709500000, 0x0000000709500000| Untracked 
| 106|0x0000000709600000, 0x0000000709600000, 0x0000000709700000|  0%| F|  |TAMS 0x0000000709600000, 0x0000000709600000| Untracked 
| 107|0x0000000709700000, 0x0000000709700000, 0x0000000709800000|  0%| F|  |TAMS 0x0000000709700000, 0x0000000709700000| Untracked 
| 108|0x0000000709800000, 0x0000000709800000, 0x0000000709900000|  0%| F|  |TAMS 0x0000000709800000, 0x0000000709800000| Untracked 
| 109|0x0000000709900000, 0x0000000709900000, 0x0000000709a00000|  0%| F|  |TAMS 0x0000000709900000, 0x0000000709900000| Untracked 
| 110|0x0000000709a00000, 0x0000000709a00000, 0x0000000709b00000|  0%| F|  |TAMS 0x0000000709a00000, 0x0000000709a00000| Untracked 
| 111|0x0000000709b00000, 0x0000000709b00000, 0x0000000709c00000|  0%| F|  |TAMS 0x0000000709b00000, 0x0000000709b00000| Untracked 
| 112|0x0000000709c00000, 0x0000000709c00000, 0x0000000709d00000|  0%| F|  |TAMS 0x0000000709c00000, 0x0000000709c00000| Untracked 
| 113|0x0000000709d00000, 0x0000000709d00000, 0x0000000709e00000|  0%| F|  |TAMS 0x0000000709d00000, 0x0000000709d00000| Untracked 
| 114|0x0000000709e00000, 0x0000000709e00000, 0x0000000709f00000|  0%| F|  |TAMS 0x0000000709e00000, 0x0000000709e00000| Untracked 
| 115|0x0000000709f00000, 0x0000000709f00000, 0x000000070a000000|  0%| F|  |TAMS 0x0000000709f00000, 0x0000000709f00000| Untracked 
| 116|0x000000070a000000, 0x000000070a000000, 0x000000070a100000|  0%| F|  |TAMS 0x000000070a000000, 0x000000070a000000| Untracked 
| 117|0x000000070a100000, 0x000000070a100000, 0x000000070a200000|  0%| F|  |TAMS 0x000000070a100000, 0x000000070a100000| Untracked 
| 118|0x000000070a200000, 0x000000070a200000, 0x000000070a300000|  0%| F|  |TAMS 0x000000070a200000, 0x000000070a200000| Untracked 
| 119|0x000000070a300000, 0x000000070a300000, 0x000000070a400000|  0%| F|  |TAMS 0x000000070a300000, 0x000000070a300000| Untracked 
| 120|0x000000070a400000, 0x000000070a400000, 0x000000070a500000|  0%| F|  |TAMS 0x000000070a400000, 0x000000070a400000| Untracked 
| 121|0x000000070a500000, 0x000000070a500000, 0x000000070a600000|  0%| F|  |TAMS 0x000000070a500000, 0x000000070a500000| Untracked 
| 122|0x000000070a600000, 0x000000070a600000, 0x000000070a700000|  0%| F|  |TAMS 0x000000070a600000, 0x000000070a600000| Untracked 
| 123|0x000000070a700000, 0x000000070a700000, 0x000000070a800000|  0%| F|  |TAMS 0x000000070a700000, 0x000000070a700000| Untracked 
| 124|0x000000070a800000, 0x000000070a800000, 0x000000070a900000|  0%| F|  |TAMS 0x000000070a800000, 0x000000070a800000| Untracked 
| 125|0x000000070a900000, 0x000000070a900000, 0x000000070aa00000|  0%| F|  |TAMS 0x000000070a900000, 0x000000070a900000| Untracked 
| 126|0x000000070aa00000, 0x000000070aa00000, 0x000000070ab00000|  0%| F|  |TAMS 0x000000070aa00000, 0x000000070aa00000| Untracked 
| 127|0x000000070ab00000, 0x000000070ab00000, 0x000000070ac00000|  0%| F|  |TAMS 0x000000070ab00000, 0x000000070ab00000| Untracked 
| 128|0x000000070ac00000, 0x000000070ac00000, 0x000000070ad00000|  0%| F|  |TAMS 0x000000070ac00000, 0x000000070ac00000| Untracked 
| 129|0x000000070ad00000, 0x000000070ad00000, 0x000000070ae00000|  0%| F|  |TAMS 0x000000070ad00000, 0x000000070ad00000| Untracked 
| 130|0x000000070ae00000, 0x000000070ae00000, 0x000000070af00000|  0%| F|  |TAMS 0x000000070ae00000, 0x000000070ae00000| Untracked 
| 131|0x000000070af00000, 0x000000070af00000, 0x000000070b000000|  0%| F|  |TAMS 0x000000070af00000, 0x000000070af00000| Untracked 
| 132|0x000000070b000000, 0x000000070b000000, 0x000000070b100000|  0%| F|  |TAMS 0x000000070b000000, 0x000000070b000000| Untracked 
| 133|0x000000070b100000, 0x000000070b100000, 0x000000070b200000|  0%| F|  |TAMS 0x000000070b100000, 0x000000070b100000| Untracked 
| 134|0x000000070b200000, 0x000000070b200000, 0x000000070b300000|  0%| F|  |TAMS 0x000000070b200000, 0x000000070b200000| Untracked 
| 135|0x000000070b300000, 0x000000070b300000, 0x000000070b400000|  0%| F|  |TAMS 0x000000070b300000, 0x000000070b300000| Untracked 
| 136|0x000000070b400000, 0x000000070b400000, 0x000000070b500000|  0%| F|  |TAMS 0x000000070b400000, 0x000000070b400000| Untracked 
| 137|0x000000070b500000, 0x000000070b500000, 0x000000070b600000|  0%| F|  |TAMS 0x000000070b500000, 0x000000070b500000| Untracked 
| 138|0x000000070b600000, 0x000000070b600000, 0x000000070b700000|  0%| F|  |TAMS 0x000000070b600000, 0x000000070b600000| Untracked 
| 139|0x000000070b700000, 0x000000070b700000, 0x000000070b800000|  0%| F|  |TAMS 0x000000070b700000, 0x000000070b700000| Untracked 
| 140|0x000000070b800000, 0x000000070b800000, 0x000000070b900000|  0%| F|  |TAMS 0x000000070b800000, 0x000000070b800000| Untracked 
| 141|0x000000070b900000, 0x000000070b900000, 0x000000070ba00000|  0%| F|  |TAMS 0x000000070b900000, 0x000000070b900000| Untracked 
| 142|0x000000070ba00000, 0x000000070ba00000, 0x000000070bb00000|  0%| F|  |TAMS 0x000000070ba00000, 0x000000070ba00000| Untracked 
| 143|0x000000070bb00000, 0x000000070bb00000, 0x000000070bc00000|  0%| F|  |TAMS 0x000000070bb00000, 0x000000070bb00000| Untracked 
| 144|0x000000070bc00000, 0x000000070bc00000, 0x000000070bd00000|  0%| F|  |TAMS 0x000000070bc00000, 0x000000070bc00000| Untracked 
| 145|0x000000070bd00000, 0x000000070bd00000, 0x000000070be00000|  0%| F|  |TAMS 0x000000070bd00000, 0x000000070bd00000| Untracked 
| 146|0x000000070be00000, 0x000000070be00000, 0x000000070bf00000|  0%| F|  |TAMS 0x000000070be00000, 0x000000070be00000| Untracked 
| 147|0x000000070bf00000, 0x000000070bf00000, 0x000000070c000000|  0%| F|  |TAMS 0x000000070bf00000, 0x000000070bf00000| Untracked 
| 148|0x000000070c000000, 0x000000070c000000, 0x000000070c100000|  0%| F|  |TAMS 0x000000070c000000, 0x000000070c000000| Untracked 
| 149|0x000000070c100000, 0x000000070c100000, 0x000000070c200000|  0%| F|  |TAMS 0x000000070c100000, 0x000000070c100000| Untracked 
| 150|0x000000070c200000, 0x000000070c200000, 0x000000070c300000|  0%| F|  |TAMS 0x000000070c200000, 0x000000070c200000| Untracked 
| 151|0x000000070c300000, 0x000000070c300000, 0x000000070c400000|  0%| F|  |TAMS 0x000000070c300000, 0x000000070c300000| Untracked 
| 152|0x000000070c400000, 0x000000070c400000, 0x000000070c500000|  0%| F|  |TAMS 0x000000070c400000, 0x000000070c400000| Untracked 
| 153|0x000000070c500000, 0x000000070c500000, 0x000000070c600000|  0%| F|  |TAMS 0x000000070c500000, 0x000000070c500000| Untracked 
| 154|0x000000070c600000, 0x000000070c600000, 0x000000070c700000|  0%| F|  |TAMS 0x000000070c600000, 0x000000070c600000| Untracked 
| 155|0x000000070c700000, 0x000000070c700000, 0x000000070c800000|  0%| F|  |TAMS 0x000000070c700000, 0x000000070c700000| Untracked 
| 156|0x000000070c800000, 0x000000070c800000, 0x000000070c900000|  0%| F|  |TAMS 0x000000070c800000, 0x000000070c800000| Untracked 
| 157|0x000000070c900000, 0x000000070c900000, 0x000000070ca00000|  0%| F|  |TAMS 0x000000070c900000, 0x000000070c900000| Untracked 
| 158|0x000000070ca00000, 0x000000070ca00000, 0x000000070cb00000|  0%| F|  |TAMS 0x000000070ca00000, 0x000000070ca00000| Untracked 
| 159|0x000000070cb00000, 0x000000070cb00000, 0x000000070cc00000|  0%| F|  |TAMS 0x000000070cb00000, 0x000000070cb00000| Untracked 
| 160|0x000000070cc00000, 0x000000070cc00000, 0x000000070cd00000|  0%| F|  |TAMS 0x000000070cc00000, 0x000000070cc00000| Untracked 
| 161|0x000000070cd00000, 0x000000070cd00000, 0x000000070ce00000|  0%| F|  |TAMS 0x000000070cd00000, 0x000000070cd00000| Untracked 
| 162|0x000000070ce00000, 0x000000070ce00000, 0x000000070cf00000|  0%| F|  |TAMS 0x000000070ce00000, 0x000000070ce00000| Untracked 
| 163|0x000000070cf00000, 0x000000070cf00000, 0x000000070d000000|  0%| F|  |TAMS 0x000000070cf00000, 0x000000070cf00000| Untracked 
| 164|0x000000070d000000, 0x000000070d000000, 0x000000070d100000|  0%| F|  |TAMS 0x000000070d000000, 0x000000070d000000| Untracked 
| 165|0x000000070d100000, 0x000000070d100000, 0x000000070d200000|  0%| F|  |TAMS 0x000000070d100000, 0x000000070d100000| Untracked 
| 166|0x000000070d200000, 0x000000070d200000, 0x000000070d300000|  0%| F|  |TAMS 0x000000070d200000, 0x000000070d200000| Untracked 
| 167|0x000000070d300000, 0x000000070d300000, 0x000000070d400000|  0%| F|  |TAMS 0x000000070d300000, 0x000000070d300000| Untracked 
| 168|0x000000070d400000, 0x000000070d400000, 0x000000070d500000|  0%| F|  |TAMS 0x000000070d400000, 0x000000070d400000| Untracked 
| 169|0x000000070d500000, 0x000000070d500000, 0x000000070d600000|  0%| F|  |TAMS 0x000000070d500000, 0x000000070d500000| Untracked 
| 170|0x000000070d600000, 0x000000070d600000, 0x000000070d700000|  0%| F|  |TAMS 0x000000070d600000, 0x000000070d600000| Untracked 
| 171|0x000000070d700000, 0x000000070d700000, 0x000000070d800000|  0%| F|  |TAMS 0x000000070d700000, 0x000000070d700000| Untracked 
| 172|0x000000070d800000, 0x000000070d800000, 0x000000070d900000|  0%| F|  |TAMS 0x000000070d800000, 0x000000070d800000| Untracked 
| 173|0x000000070d900000, 0x000000070d900000, 0x000000070da00000|  0%| F|  |TAMS 0x000000070d900000, 0x000000070d900000| Untracked 
| 174|0x000000070da00000, 0x000000070da00000, 0x000000070db00000|  0%| F|  |TAMS 0x000000070da00000, 0x000000070da00000| Untracked 
| 175|0x000000070db00000, 0x000000070db00000, 0x000000070dc00000|  0%| F|  |TAMS 0x000000070db00000, 0x000000070db00000| Untracked 
| 176|0x000000070dc00000, 0x000000070dc00000, 0x000000070dd00000|  0%| F|  |TAMS 0x000000070dc00000, 0x000000070dc00000| Untracked 
| 177|0x000000070dd00000, 0x000000070dd00000, 0x000000070de00000|  0%| F|  |TAMS 0x000000070dd00000, 0x000000070dd00000| Untracked 
| 178|0x000000070de00000, 0x000000070de00000, 0x000000070df00000|  0%| F|  |TAMS 0x000000070de00000, 0x000000070de00000| Untracked 
| 179|0x000000070df00000, 0x000000070df00000, 0x000000070e000000|  0%| F|  |TAMS 0x000000070df00000, 0x000000070df00000| Untracked 
| 180|0x000000070e000000, 0x000000070e000000, 0x000000070e100000|  0%| F|  |TAMS 0x000000070e000000, 0x000000070e000000| Untracked 
| 181|0x000000070e100000, 0x000000070e100000, 0x000000070e200000|  0%| F|  |TAMS 0x000000070e100000, 0x000000070e100000| Untracked 
| 182|0x000000070e200000, 0x000000070e200000, 0x000000070e300000|  0%| F|  |TAMS 0x000000070e200000, 0x000000070e200000| Untracked 
| 183|0x000000070e300000, 0x000000070e300000, 0x000000070e400000|  0%| F|  |TAMS 0x000000070e300000, 0x000000070e300000| Untracked 
| 184|0x000000070e400000, 0x000000070e400000, 0x000000070e500000|  0%| F|  |TAMS 0x000000070e400000, 0x000000070e400000| Untracked 
| 185|0x000000070e500000, 0x000000070e500000, 0x000000070e600000|  0%| F|  |TAMS 0x000000070e500000, 0x000000070e500000| Untracked 
| 186|0x000000070e600000, 0x000000070e600000, 0x000000070e700000|  0%| F|  |TAMS 0x000000070e600000, 0x000000070e600000| Untracked 
| 187|0x000000070e700000, 0x000000070e700000, 0x000000070e800000|  0%| F|  |TAMS 0x000000070e700000, 0x000000070e700000| Untracked 
| 188|0x000000070e800000, 0x000000070e800000, 0x000000070e900000|  0%| F|  |TAMS 0x000000070e800000, 0x000000070e800000| Untracked 
| 189|0x000000070e900000, 0x000000070e900000, 0x000000070ea00000|  0%| F|  |TAMS 0x000000070e900000, 0x000000070e900000| Untracked 
| 190|0x000000070ea00000, 0x000000070ea00000, 0x000000070eb00000|  0%| F|  |TAMS 0x000000070ea00000, 0x000000070ea00000| Untracked 
| 191|0x000000070eb00000, 0x000000070eb00000, 0x000000070ec00000|  0%| F|  |TAMS 0x000000070eb00000, 0x000000070eb00000| Untracked 
| 192|0x000000070ec00000, 0x000000070ec00000, 0x000000070ed00000|  0%| F|  |TAMS 0x000000070ec00000, 0x000000070ec00000| Untracked 
| 193|0x000000070ed00000, 0x000000070ed00000, 0x000000070ee00000|  0%| F|  |TAMS 0x000000070ed00000, 0x000000070ed00000| Untracked 
| 194|0x000000070ee00000, 0x000000070ee00000, 0x000000070ef00000|  0%| F|  |TAMS 0x000000070ee00000, 0x000000070ee00000| Untracked 
| 195|0x000000070ef00000, 0x000000070ef00000, 0x000000070f000000|  0%| F|  |TAMS 0x000000070ef00000, 0x000000070ef00000| Untracked 
| 196|0x000000070f000000, 0x000000070f000000, 0x000000070f100000|  0%| F|  |TAMS 0x000000070f000000, 0x000000070f000000| Untracked 
| 197|0x000000070f100000, 0x000000070f100000, 0x000000070f200000|  0%| F|  |TAMS 0x000000070f100000, 0x000000070f100000| Untracked 
| 198|0x000000070f200000, 0x000000070f200000, 0x000000070f300000|  0%| F|  |TAMS 0x000000070f200000, 0x000000070f200000| Untracked 
| 199|0x000000070f300000, 0x000000070f300000, 0x000000070f400000|  0%| F|  |TAMS 0x000000070f300000, 0x000000070f300000| Untracked 
| 200|0x000000070f400000, 0x000000070f400000, 0x000000070f500000|  0%| F|  |TAMS 0x000000070f400000, 0x000000070f400000| Untracked 
| 201|0x000000070f500000, 0x000000070f500000, 0x000000070f600000|  0%| F|  |TAMS 0x000000070f500000, 0x000000070f500000| Untracked 
| 202|0x000000070f600000, 0x000000070f600000, 0x000000070f700000|  0%| F|  |TAMS 0x000000070f600000, 0x000000070f600000| Untracked 
| 203|0x000000070f700000, 0x000000070f700000, 0x000000070f800000|  0%| F|  |TAMS 0x000000070f700000, 0x000000070f700000| Untracked 
| 204|0x000000070f800000, 0x000000070f800000, 0x000000070f900000|  0%| F|  |TAMS 0x000000070f800000, 0x000000070f800000| Untracked 
| 205|0x000000070f900000, 0x000000070f900000, 0x000000070fa00000|  0%| F|  |TAMS 0x000000070f900000, 0x000000070f900000| Untracked 
| 206|0x000000070fa00000, 0x000000070fa00000, 0x000000070fb00000|  0%| F|  |TAMS 0x000000070fa00000, 0x000000070fa00000| Untracked 
| 207|0x000000070fb00000, 0x000000070fb00000, 0x000000070fc00000|  0%| F|  |TAMS 0x000000070fb00000, 0x000000070fb00000| Untracked 
| 208|0x000000070fc00000, 0x000000070fc00000, 0x000000070fd00000|  0%| F|  |TAMS 0x000000070fc00000, 0x000000070fc00000| Untracked 
| 209|0x000000070fd00000, 0x000000070fd00000, 0x000000070fe00000|  0%| F|  |TAMS 0x000000070fd00000, 0x000000070fd00000| Untracked 
| 210|0x000000070fe00000, 0x000000070fe00000, 0x000000070ff00000|  0%| F|  |TAMS 0x000000070fe00000, 0x000000070fe00000| Untracked 
| 211|0x000000070ff00000, 0x000000070ff00000, 0x0000000710000000|  0%| F|  |TAMS 0x000000070ff00000, 0x000000070ff00000| Untracked 
| 212|0x0000000710000000, 0x0000000710000000, 0x0000000710100000|  0%| F|  |TAMS 0x0000000710000000, 0x0000000710000000| Untracked 
| 213|0x0000000710100000, 0x0000000710100000, 0x0000000710200000|  0%| F|  |TAMS 0x0000000710100000, 0x0000000710100000| Untracked 
| 214|0x0000000710200000, 0x0000000710200000, 0x0000000710300000|  0%| F|  |TAMS 0x0000000710200000, 0x0000000710200000| Untracked 
| 215|0x0000000710300000, 0x0000000710300000, 0x0000000710400000|  0%| F|  |TAMS 0x0000000710300000, 0x0000000710300000| Untracked 
| 216|0x0000000710400000, 0x0000000710400000, 0x0000000710500000|  0%| F|  |TAMS 0x0000000710400000, 0x0000000710400000| Untracked 
| 217|0x0000000710500000, 0x0000000710500000, 0x0000000710600000|  0%| F|  |TAMS 0x0000000710500000, 0x0000000710500000| Untracked 
| 218|0x0000000710600000, 0x0000000710600000, 0x0000000710700000|  0%| F|  |TAMS 0x0000000710600000, 0x0000000710600000| Untracked 
| 219|0x0000000710700000, 0x0000000710700000, 0x0000000710800000|  0%| F|  |TAMS 0x0000000710700000, 0x0000000710700000| Untracked 
| 220|0x0000000710800000, 0x0000000710800000, 0x0000000710900000|  0%| F|  |TAMS 0x0000000710800000, 0x0000000710800000| Untracked 
| 221|0x0000000710900000, 0x0000000710900000, 0x0000000710a00000|  0%| F|  |TAMS 0x0000000710900000, 0x0000000710900000| Untracked 
| 222|0x0000000710a00000, 0x0000000710a00000, 0x0000000710b00000|  0%| F|  |TAMS 0x0000000710a00000, 0x0000000710a00000| Untracked 
| 223|0x0000000710b00000, 0x0000000710b00000, 0x0000000710c00000|  0%| F|  |TAMS 0x0000000710b00000, 0x0000000710b00000| Untracked 
| 224|0x0000000710c00000, 0x0000000710c00000, 0x0000000710d00000|  0%| F|  |TAMS 0x0000000710c00000, 0x0000000710c00000| Untracked 
| 225|0x0000000710d00000, 0x0000000710d00000, 0x0000000710e00000|  0%| F|  |TAMS 0x0000000710d00000, 0x0000000710d00000| Untracked 
| 226|0x0000000710e00000, 0x0000000710e00000, 0x0000000710f00000|  0%| F|  |TAMS 0x0000000710e00000, 0x0000000710e00000| Untracked 
| 227|0x0000000710f00000, 0x0000000711000000, 0x0000000711000000|100%| S|CS|TAMS 0x0000000710f00000, 0x0000000710f00000| Complete 
| 228|0x0000000711000000, 0x0000000711100000, 0x0000000711100000|100%| S|CS|TAMS 0x0000000711000000, 0x0000000711000000| Complete 
| 229|0x0000000711100000, 0x0000000711200000, 0x0000000711200000|100%| S|CS|TAMS 0x0000000711100000, 0x0000000711100000| Complete 
| 230|0x0000000711200000, 0x00000007112d4788, 0x0000000711300000| 82%| E|  |TAMS 0x0000000711200000, 0x0000000711200000| Complete 
| 231|0x0000000711300000, 0x0000000711400000, 0x0000000711400000|100%| E|  |TAMS 0x0000000711300000, 0x0000000711300000| Complete 
| 232|0x0000000711400000, 0x0000000711500000, 0x0000000711500000|100%| E|CS|TAMS 0x0000000711400000, 0x0000000711400000| Complete 
| 233|0x0000000711500000, 0x0000000711600000, 0x0000000711600000|100%| E|CS|TAMS 0x0000000711500000, 0x0000000711500000| Complete 
| 234|0x0000000711600000, 0x0000000711700000, 0x0000000711700000|100%| E|CS|TAMS 0x0000000711600000, 0x0000000711600000| Complete 
| 235|0x0000000711700000, 0x0000000711800000, 0x0000000711800000|100%| E|CS|TAMS 0x0000000711700000, 0x0000000711700000| Complete 
| 236|0x0000000711800000, 0x0000000711900000, 0x0000000711900000|100%| E|CS|TAMS 0x0000000711800000, 0x0000000711800000| Complete 
| 237|0x0000000711900000, 0x0000000711a00000, 0x0000000711a00000|100%| E|CS|TAMS 0x0000000711900000, 0x0000000711900000| Complete 
| 238|0x0000000711a00000, 0x0000000711b00000, 0x0000000711b00000|100%| E|CS|TAMS 0x0000000711a00000, 0x0000000711a00000| Complete 
| 239|0x0000000711b00000, 0x0000000711c00000, 0x0000000711c00000|100%| E|CS|TAMS 0x0000000711b00000, 0x0000000711b00000| Complete 
| 240|0x0000000711c00000, 0x0000000711d00000, 0x0000000711d00000|100%| E|CS|TAMS 0x0000000711c00000, 0x0000000711c00000| Complete 
| 241|0x0000000711d00000, 0x0000000711e00000, 0x0000000711e00000|100%| E|CS|TAMS 0x0000000711d00000, 0x0000000711d00000| Complete 
| 242|0x0000000711e00000, 0x0000000711f00000, 0x0000000711f00000|100%| E|CS|TAMS 0x0000000711e00000, 0x0000000711e00000| Complete 
| 243|0x0000000711f00000, 0x0000000712000000, 0x0000000712000000|100%| E|CS|TAMS 0x0000000711f00000, 0x0000000711f00000| Complete 
| 244|0x0000000712000000, 0x0000000712100000, 0x0000000712100000|100%| E|CS|TAMS 0x0000000712000000, 0x0000000712000000| Complete 
| 245|0x0000000712100000, 0x0000000712200000, 0x0000000712200000|100%| E|CS|TAMS 0x0000000712100000, 0x0000000712100000| Complete 
| 246|0x0000000712200000, 0x0000000712300000, 0x0000000712300000|100%| E|CS|TAMS 0x0000000712200000, 0x0000000712200000| Complete 
| 247|0x0000000712300000, 0x0000000712400000, 0x0000000712400000|100%| E|CS|TAMS 0x0000000712300000, 0x0000000712300000| Complete 
| 248|0x0000000712400000, 0x0000000712500000, 0x0000000712500000|100%| E|CS|TAMS 0x0000000712400000, 0x0000000712400000| Complete 
| 249|0x0000000712500000, 0x0000000712600000, 0x0000000712600000|100%| E|CS|TAMS 0x0000000712500000, 0x0000000712500000| Complete 
| 250|0x0000000712600000, 0x0000000712700000, 0x0000000712700000|100%| E|CS|TAMS 0x0000000712600000, 0x0000000712600000| Complete 
| 251|0x0000000712700000, 0x0000000712800000, 0x0000000712800000|100%| E|CS|TAMS 0x0000000712700000, 0x0000000712700000| Complete 
| 252|0x0000000712800000, 0x0000000712900000, 0x0000000712900000|100%| E|CS|TAMS 0x0000000712800000, 0x0000000712800000| Complete 
| 253|0x0000000712900000, 0x0000000712a00000, 0x0000000712a00000|100%| E|CS|TAMS 0x0000000712900000, 0x0000000712900000| Complete 

Card table byte_map: [0x00000195fd250000,0x00000195fda40000] _byte_map_base: 0x00000195f9a3a000

Marking Bits (Prev, Next): (CMBitMap*) 0x00000195e350c938, (CMBitMap*) 0x00000195e350c970
 Prev Bits: [0x0000019580000000, 0x0000019583f50000)
 Next Bits: [0x0000019583f50000, 0x0000019587ea0000)

Polling page: 0x00000195e3330000

Metaspace:

Usage:
  Non-class:     16.59 MB capacity,    16.07 MB ( 97%) used,   406.84 KB (  2%) free+waste,   127.69 KB ( <1%) overhead. 
      Class:      2.67 MB capacity,     2.15 MB ( 81%) used,   465.05 KB ( 17%) free+waste,    67.06 KB (  2%) overhead. 
       Both:     19.26 MB capacity,    18.22 MB ( 95%) used,   871.89 KB (  4%) free+waste,   194.75 KB ( <1%) overhead. 

Virtual space:
  Non-class space:       18.00 MB reserved,      16.75 MB ( 93%) committed 
      Class space:        1.00 GB reserved,       2.75 MB ( <1%) committed 
             Both:        1.02 GB reserved,      19.50 MB (  2%) committed 

Chunk freelists:
   Non-Class:  4.38 KB
       Class:  2.13 KB
        Both:  6.50 KB

CodeHeap 'non-profiled nmethods': size=120000Kb used=964Kb max_used=964Kb free=119035Kb
 bounds [0x00000195f4ab0000, 0x00000195f4d20000, 0x00000195fbfe0000]
CodeHeap 'profiled nmethods': size=120000Kb used=3053Kb max_used=3053Kb free=116946Kb
 bounds [0x00000195ed580000, 0x00000195ed880000, 0x00000195f4ab0000]
CodeHeap 'non-nmethods': size=5760Kb used=1381Kb max_used=1418Kb free=4378Kb
 bounds [0x00000195ecfe0000, 0x00000195ed250000, 0x00000195ed580000]
 total_blobs=2750 nmethods=1651 adapters=612
 compilation: enabled
              stopped_count=0, restarted_count=0
 full_count=0

Compilation events (10 events):
Event: 6.740 Thread 0x00000195ff690800 nmethod 1661 0x00000195ed87b210 code [0x00000195ed87b400, 0x00000195ed87b870]
Event: 6.743 Thread 0x00000195ff6e7000 nmethod 1643% 0x00000195f4b9f890 code [0x00000195f4b9fa40, 0x00000195f4ba0298]
Event: 6.743 Thread 0x00000195ff6e7000 1662       4       jdk.internal.misc.Unsafe::getCharUnaligned (12 bytes)
Event: 6.744 Thread 0x00000195ff6e7000 nmethod 1662 0x00000195f4ba0590 code [0x00000195f4ba0720, 0x00000195f4ba07d8]
Event: 6.744 Thread 0x00000195ff6e7000 1663       4       java.nio.Buffer::nextGetIndex (38 bytes)
Event: 6.744 Thread 0x00000195ff6e7000 nmethod 1663 0x00000195f4ba0890 code [0x00000195f4ba0a20, 0x00000195f4ba0ab8]
Event: 6.744 Thread 0x00000195ff6e7000 1664       4       java.nio.HeapByteBuffer::getChar (25 bytes)
Event: 6.746 Thread 0x00000195ff6e7000 nmethod 1664 0x00000195f4ba0b90 code [0x00000195f4ba0d20, 0x00000195f4ba0e18]
Event: 6.746 Thread 0x00000195ff6e7000 1647       4       java.lang.ref.WeakReference::<init> (6 bytes)
Event: 6.748 Thread 0x00000195ff6e7000 nmethod 1647 0x00000195f4ba0f90 code [0x00000195f4ba1120, 0x00000195f4ba1318]

GC Heap History (2 events):
Event: 1.081 GC heap before
{Heap before GC invocations=0 (full 0):
 garbage-first heap   total 260096K, used 23552K [0x0000000702c00000, 0x0000000800000000)
  region size 1024K, 24 young (24576K), 0 survivors (0K)
 Metaspace       used 13042K, capacity 13430K, committed 13568K, reserved 1060864K
  class space    used 1318K, capacity 1489K, committed 1536K, reserved 1048576K
}
Event: 1.085 GC heap after
{Heap after GC invocations=1 (full 0):
 garbage-first heap   total 260096K, used 3339K [0x0000000702c00000, 0x0000000800000000)
  region size 1024K, 3 young (3072K), 3 survivors (3072K)
 Metaspace       used 13042K, capacity 13430K, committed 13568K, reserved 1060864K
  class space    used 1318K, capacity 1489K, committed 1536K, reserved 1048576K
}

Deoptimization events (10 events):
Event: 1.016 Thread 0x00000195e34ab000 Uncommon trap: reason=unstable_if action=reinterpret pc=0x00000195f4b1beac method=java.lang.Character.isSurrogate(C)Z @ 3 c2
Event: 1.016 Thread 0x00000195e34ab000 Uncommon trap: reason=unstable_if action=reinterpret pc=0x00000195f4b1b5d4 method=java.lang.Character.isSurrogate(C)Z @ 3 c2
Event: 1.016 Thread 0x00000195e34ab000 Uncommon trap: reason=unstable_if action=reinterpret pc=0x00000195f4abcbd4 method=java.lang.String.isLatin1()Z @ 10 c2
Event: 1.086 Thread 0x00000195e34ab000 Uncommon trap: reason=unstable_if action=reinterpret pc=0x00000195f4b21b80 method=java.lang.ref.SoftReference.get()Ljava/lang/Object; @ 17 c2
Event: 1.123 Thread 0x0000019589fe3800 Uncommon trap: reason=class_check action=maybe_recompile pc=0x00000195f4af8cd8 method=java.util.HashMap.putVal(ILjava/lang/Object;Ljava/lang/Object;ZZ)Ljava/lang/Object; @ 91 c2
Event: 1.123 Thread 0x0000019589fe3800 Uncommon trap: reason=class_check action=maybe_recompile pc=0x00000195f4af8cd8 method=java.util.HashMap.putVal(ILjava/lang/Object;Ljava/lang/Object;ZZ)Ljava/lang/Object; @ 91 c2
Event: 1.169 Thread 0x0000019589fe3800 Uncommon trap: reason=unstable_if action=reinterpret pc=0x00000195f4b17228 method=java.lang.ThreadLocal.get()Ljava/lang/Object; @ 11 c2
Event: 2.908 Thread 0x00000195e34ab000 Uncommon trap: reason=intrinsic_or_type_checked_inlining action=make_not_entrant pc=0x00000195f4b4c0d4 method=java.util.Arrays.copyOf([Ljava/lang/Object;ILjava/lang/Class;)[Ljava/lang/Object; @ 35 c2
Event: 3.291 Thread 0x00000195e34ab000 Uncommon trap: reason=unstable_if action=reinterpret pc=0x00000195f4afe928 method=jdk.internal.org.objectweb.asm.Frame.execute(IILjdk/internal/org/objectweb/asm/ClassWriter;Ljdk/internal/org/objectweb/asm/Item;)V @ 1 c2
Event: 6.745 Thread 0x000001958dd82800 Uncommon trap: reason=unstable_if action=reinterpret pc=0x00000195f4b189cc method=sun.font.TrueTypeFont.getDirectoryEntry(I)Lsun/font/TrueTypeFont$DirectoryEntry; @ 7 c2

Classes redefined (0 events):
No events

Internal exceptions (10 events):
Event: 6.746 Thread 0x000001958dd82800 Exception <a 'java/lang/NullPointerException'{0x0000000711277fb8}> (0x0000000711277fb8) thrown at [t:/workspace/open/src/hotspot/share/runtime/sharedRuntime.cpp, line 584]
Event: 6.746 Thread 0x000001958dd82800 Exception <a 'java/io/FileNotFoundException'{0x000000071127eee8}> (0x000000071127eee8) thrown at [t:/workspace/open/src/hotspot/share/prims/jni.cpp, line 615]
Event: 6.746 Thread 0x000001958dd82800 Implicit null exception at 0x00000195ed753107 to 0x00000195ed754659
Event: 6.746 Thread 0x000001958dd82800 Exception <a 'java/lang/NullPointerException'{0x000000071127f9f0}> (0x000000071127f9f0) thrown at [t:/workspace/open/src/hotspot/share/runtime/sharedRuntime.cpp, line 584]
Event: 6.747 Thread 0x000001958dd82800 Exception <a 'java/io/FileNotFoundException'{0x0000000711281848}> (0x0000000711281848) thrown at [t:/workspace/open/src/hotspot/share/prims/jni.cpp, line 615]
Event: 6.747 Thread 0x000001958dd82800 Implicit null exception at 0x00000195ed753107 to 0x00000195ed754659
Event: 6.747 Thread 0x000001958dd82800 Exception <a 'java/lang/NullPointerException'{0x0000000711282350}> (0x0000000711282350) thrown at [t:/workspace/open/src/hotspot/share/runtime/sharedRuntime.cpp, line 584]
Event: 6.748 Thread 0x000001958dd82800 Exception <a 'java/io/FileNotFoundException'{0x0000000711283e30}> (0x0000000711283e30) thrown at [t:/workspace/open/src/hotspot/share/prims/jni.cpp, line 615]
Event: 6.748 Thread 0x000001958dd82800 Implicit null exception at 0x00000195ed753107 to 0x00000195ed754659
Event: 6.748 Thread 0x000001958dd82800 Exception <a 'java/lang/NullPointerException'{0x0000000711284938}> (0x0000000711284938) thrown at [t:/workspace/open/src/hotspot/share/runtime/sharedRuntime.cpp, line 584]

Events (10 events):
Event: 6.748 Thread 0x000001958dd82800 DEOPT UNPACKING pc=0x00000195ed01d6ce sp=0x00000053a0df59c0 mode 1
Event: 6.748 Thread 0x000001958dd82800 DEOPT PACKING pc=0x00000195ed75ea84 sp=0x00000053a0df6600
Event: 6.748 Thread 0x000001958dd82800 DEOPT UNPACKING pc=0x00000195ed01d6ce sp=0x00000053a0df5a38 mode 1
Event: 6.748 Thread 0x000001958dd82800 DEOPT PACKING pc=0x00000195ed75465e sp=0x00000053a0df8070
Event: 6.748 Thread 0x000001958dd82800 DEOPT UNPACKING pc=0x00000195ed01d6ce sp=0x00000053a0df7598 mode 1
Event: 6.748 Thread 0x000001958dd82800 DEOPT PACKING pc=0x00000195f4b26610 sp=0x00000053a0df8160
Event: 6.748 Thread 0x000001958dd82800 DEOPT UNPACKING pc=0x00000195ed01d6ce sp=0x00000053a0df7658 mode 1
Event: 6.749 loading class sun/font/NullFontScaler
Event: 6.749 loading class sun/font/NullFontScaler done
Event: 6.749 Thread 0x000001958e19b800 Thread exited: 0x000001958e19b800


Dynamic libraries:
0x00007ff72e1a0000 - 0x00007ff72e1e7000 	C:\Program Files\Java\jdk-11.0.2\bin\java.exe
0x00007ffb3b4d0000 - 0x00007ffb3b6b1000 	C:\WINDOWS\SYSTEM32\ntdll.dll
0x00007ffb39500000 - 0x00007ffb395b2000 	C:\WINDOWS\System32\KERNEL32.DLL
0x00007ffb386c0000 - 0x00007ffb38933000 	C:\WINDOWS\System32\KERNELBASE.dll
0x00007ffb39030000 - 0x00007ffb390d1000 	C:\WINDOWS\System32\ADVAPI32.dll
0x00007ffb398f0000 - 0x00007ffb3998e000 	C:\WINDOWS\System32\msvcrt.dll
0x00007ffb38f30000 - 0x00007ffb38f8b000 	C:\WINDOWS\System32\sechost.dll
0x00007ffb389e0000 - 0x00007ffb38b04000 	C:\WINDOWS\System32\RPCRT4.dll
0x00007ffb390e0000 - 0x00007ffb39270000 	C:\WINDOWS\System32\USER32.dll
0x00007ffb38940000 - 0x00007ffb38960000 	C:\WINDOWS\System32\win32u.dll
0x00007ffb38cb0000 - 0x00007ffb38cd8000 	C:\WINDOWS\System32\GDI32.dll
0x00007ffb38470000 - 0x00007ffb38602000 	C:\WINDOWS\System32\gdi32full.dll
0x00007ffb378a0000 - 0x00007ffb3793f000 	C:\WINDOWS\System32\msvcp_win.dll
0x00007ffb37c60000 - 0x00007ffb37d5a000 	C:\WINDOWS\System32\ucrtbase.dll
0x00007ffb2b360000 - 0x00007ffb2b5c9000 	C:\WINDOWS\WinSxS\amd64_microsoft.windows.common-controls_6595b64144ccf1df_6.0.17134.590_none_fb3d9bff3069e088\COMCTL32.dll
0x00007ffb30f20000 - 0x00007ffb30f2a000 	C:\WINDOWS\SYSTEM32\VERSION.dll
0x00007ffb395c0000 - 0x00007ffb398e2000 	C:\WINDOWS\System32\combase.dll
0x00007ffb37be0000 - 0x00007ffb37c5a000 	C:\WINDOWS\System32\bcryptPrimitives.dll
0x00007ffb39990000 - 0x00007ffb399bd000 	C:\WINDOWS\System32\IMM32.DLL
0x00007ffb2cb90000 - 0x00007ffb2cba6000 	C:\Program Files\Java\jdk-11.0.2\bin\vcruntime140.dll
0x00007ffb07f20000 - 0x00007ffb07fca000 	C:\Program Files\Java\jdk-11.0.2\bin\msvcp140.dll
0x00007ffaefa50000 - 0x00007ffaf0577000 	C:\Program Files\Java\jdk-11.0.2\bin\server\jvm.dll
0x00007ffb389d0000 - 0x00007ffb389d8000 	C:\WINDOWS\System32\PSAPI.DLL
0x00007ffb2a670000 - 0x00007ffb2a679000 	C:\WINDOWS\SYSTEM32\WSOCK32.dll
0x00007ffb33130000 - 0x00007ffb33153000 	C:\WINDOWS\SYSTEM32\WINMM.dll
0x00007ffb38ce0000 - 0x00007ffb38d4c000 	C:\WINDOWS\System32\WS2_32.dll
0x00007ffb33100000 - 0x00007ffb3312a000 	C:\WINDOWS\SYSTEM32\WINMMBASE.dll
0x00007ffb37940000 - 0x00007ffb37989000 	C:\WINDOWS\System32\cfgmgr32.dll
0x00007ffb37880000 - 0x00007ffb37891000 	C:\WINDOWS\System32\kernel.appcore.dll
0x00007ffb17cb0000 - 0x00007ffb17cc1000 	C:\Program Files\Java\jdk-11.0.2\bin\verify.dll
0x00007ffb36120000 - 0x00007ffb362e9000 	C:\WINDOWS\SYSTEM32\DBGHELP.DLL
0x00007ffb24dc0000 - 0x00007ffb24de9000 	C:\WINDOWS\SYSTEM32\dbgcore.DLL
0x00007ffb17b70000 - 0x00007ffb17b99000 	C:\Program Files\Java\jdk-11.0.2\bin\java.dll
0x00007ffb13a20000 - 0x00007ffb13a57000 	C:\Program Files\Java\jdk-11.0.2\bin\jdwp.dll
0x00007ffb04910000 - 0x00007ffb0493f000 	C:\Program Files\Java\jdk-11.0.2\bin\instrument.dll
0x00007ffb14cd0000 - 0x00007ffb14ce6000 	C:\Program Files\Java\jdk-11.0.2\bin\zip.dll
0x00007ffb2ccd0000 - 0x00007ffb2ccda000 	C:\Program Files\Java\jdk-11.0.2\bin\jimage.dll
0x00007ffb3a050000 - 0x00007ffb3b490000 	C:\WINDOWS\System32\SHELL32.dll
0x00007ffb399c0000 - 0x00007ffb39a69000 	C:\WINDOWS\System32\shcore.dll
0x00007ffb37d60000 - 0x00007ffb3846d000 	C:\WINDOWS\System32\windows.storage.dll
0x00007ffb393d0000 - 0x00007ffb39421000 	C:\WINDOWS\System32\shlwapi.dll
0x00007ffb37860000 - 0x00007ffb3787f000 	C:\WINDOWS\System32\profapi.dll
0x00007ffb377e0000 - 0x00007ffb3782c000 	C:\WINDOWS\System32\powrprof.dll
0x00007ffb37850000 - 0x00007ffb3785a000 	C:\WINDOWS\System32\FLTLIB.DLL
0x00007ffb31fe0000 - 0x00007ffb31fea000 	C:\Program Files\Java\jdk-11.0.2\bin\dt_socket.dll
0x00007ffb37060000 - 0x00007ffb370c6000 	C:\WINDOWS\system32\mswsock.dll
0x00007ffb03590000 - 0x00007ffb035a9000 	C:\Program Files\Java\jdk-11.0.2\bin\net.dll
0x00007ffb2ab70000 - 0x00007ffb2ad39000 	C:\WINDOWS\SYSTEM32\urlmon.dll
0x00007ffb351c0000 - 0x00007ffb3529d000 	C:\WINDOWS\SYSTEM32\WINHTTP.dll
0x00007ffb2a750000 - 0x00007ffb2a9f5000 	C:\WINDOWS\SYSTEM32\iertutil.dll
0x00007ffb37230000 - 0x00007ffb3723b000 	C:\WINDOWS\SYSTEM32\CRYPTBASE.DLL
0x00007ffb03570000 - 0x00007ffb03583000 	C:\Program Files\Java\jdk-11.0.2\bin\nio.dll
0x00007ffb37210000 - 0x00007ffb37227000 	C:\WINDOWS\SYSTEM32\CRYPTSP.dll
0x00007ffb36c40000 - 0x00007ffb36c73000 	C:\WINDOWS\system32\rsaenh.dll
0x00007ffb37340000 - 0x00007ffb37365000 	C:\WINDOWS\SYSTEM32\bcrypt.dll
0x00007ffb376e0000 - 0x00007ffb37708000 	C:\WINDOWS\SYSTEM32\USERENV.dll
0x00007ffb36de0000 - 0x00007ffb36e18000 	C:\WINDOWS\SYSTEM32\IPHLPAPI.DLL
0x00007ffb389c0000 - 0x00007ffb389c8000 	C:\WINDOWS\System32\NSI.dll
0x00007ffb30790000 - 0x00007ffb307a6000 	C:\WINDOWS\SYSTEM32\dhcpcsvc6.DLL
0x00007ffb30a50000 - 0x00007ffb30a6a000 	C:\WINDOWS\SYSTEM32\dhcpcsvc.DLL
0x00007ffafdc70000 - 0x00007ffafde0f000 	C:\Program Files\Java\jdk-11.0.2\bin\awt.dll
0x00007ffb39430000 - 0x00007ffb394f3000 	C:\WINDOWS\System32\OLEAUT32.dll
0x00007ffb33ca0000 - 0x00007ffb34267000 	C:\WINDOWS\SYSTEM32\d2d1.dll
0x00007ffb34950000 - 0x00007ffb349db000 	C:\WINDOWS\SYSTEM32\apphelp.dll
0x00007ffb35a90000 - 0x00007ffb35ab9000 	C:\WINDOWS\system32\DWMAPI.DLL
0x00007ffb34a80000 - 0x00007ffb34b18000 	C:\WINDOWS\system32\uxtheme.dll
0x00007ffb137f0000 - 0x00007ffb13910000 	C:\WINDOWS\system32\opengl32.dll
0x00007ffb31340000 - 0x00007ffb3136c000 	C:\WINDOWS\SYSTEM32\GLU32.dll
0x00007ffb38d50000 - 0x00007ffb38ec3000 	C:\WINDOWS\System32\MSCTF.dll
0x00007ffb39270000 - 0x00007ffb393c1000 	C:\WINDOWS\System32\ole32.dll
0x00007ffb01510000 - 0x00007ffb01590000 	C:\Program Files\Java\jdk-11.0.2\bin\freetype.dll
0x00007ffb048a0000 - 0x00007ffb0490f000 	C:\Program Files\Java\jdk-11.0.2\bin\fontmanager.dll
0x00007ffb38f90000 - 0x00007ffb39030000 	C:\WINDOWS\System32\clbcatq.dll
0x00007ffb319e0000 - 0x00007ffb31b8e000 	C:\WINDOWS\SYSTEM32\WindowsCodecs.dll
0x00007ffb31de0000 - 0x00007ffb31e4b000 	C:\WINDOWS\system32\Oleacc.dll
0x00007ffb34750000 - 0x00007ffb3482a000 	C:\WINDOWS\System32\CoreMessaging.dll

dbghelp: loaded successfully - version: 4.0.5 - missing functions: none
symbol engine: initialized successfully - sym options: 0x614 - pdb path: .;C:\Program Files\Java\jdk-11.0.2\bin;C:\WINDOWS\SYSTEM32;C:\WINDOWS\WinSxS\amd64_microsoft.windows.common-controls_6595b64144ccf1df_6.0.17134.590_none_fb3d9bff3069e088;C:\Program Files\Java\jdk-11.0.2\bin\server

VM Arguments:
jvm_args: -agentlib:jdwp=transport=dt_socket,address=127.0.0.1:59816,suspend=y,server=n -javaagent:C:\Users\jonat\.IdeaIC2018.3\system\captureAgent\debugger-agent.jar -Dfile.encoding=UTF-8 
java_command: TicketingSystem
java_class_path (initial): C:\Users\jonat\Documents\Coding\School\12 CS\ICS4UE-Prom\out\production\Prom;C:\Program Files (x86)\JetBrains\IntelliJ IDEA Community Edition 2018.3.4\lib\idea_rt.jar
Launcher Type: SUN_STANDARD

[Global flags]
     intx CICompilerCount                          = 4                                         {product} {ergonomic}
     uint ConcGCThreads                            = 2                                         {product} {ergonomic}
     uint G1ConcRefinementThreads                  = 8                                         {product} {ergonomic}
   size_t G1HeapRegionSize                         = 1048576                                   {product} {ergonomic}
    uintx GCDrainStackTargetSize                   = 64                                        {product} {ergonomic}
   size_t InitialHeapSize                          = 266338304                                 {product} {ergonomic}
   size_t MarkStackSize                            = 4194304                                   {product} {ergonomic}
   size_t MaxHeapSize                              = 4248829952                                {product} {ergonomic}
   size_t MaxNewSize                               = 2549088256                                {product} {ergonomic}
   size_t MinHeapDeltaBytes                        = 1048576                                   {product} {ergonomic}
    uintx NonNMethodCodeHeapSize                   = 5835340                                {pd product} {ergonomic}
    uintx NonProfiledCodeHeapSize                  = 122911450                              {pd product} {ergonomic}
    uintx ProfiledCodeHeapSize                     = 122911450                              {pd product} {ergonomic}
    uintx ReservedCodeCacheSize                    = 251658240                              {pd product} {ergonomic}
     bool SegmentedCodeCache                       = true                                      {product} {ergonomic}
     bool UseCompressedClassPointers               = true                                 {lp64_product} {ergonomic}
     bool UseCompressedOops                        = true                                 {lp64_product} {ergonomic}
     bool UseG1GC                                  = true                                      {product} {ergonomic}
     bool UseLargePagesIndividualAllocation        = false                                  {pd product} {ergonomic}

Logging:
Log output configuration:
 #0: stdout all=warning uptime,level,tags
 #1: stderr all=off uptime,level,tags

Environment Variables:
PATH=C:\Program Files (x86)\Common Files\Oracle\Java\javapath;C:\Program Files (x86)\Intel\Intel(R) Management Engine Components\iCLS\;C:\Program Files\Intel\Intel(R) Management Engine Components\iCLS\;C:\Windows\system32;C:\Windows;C:\Windows\System32\Wbem;C:\Windows\System32\WindowsPowerShell\v1.0\;C:\Program Files (x86)\NVIDIA Corporation\PhysX\Common;C:\Program Files (x86)\Intel\Intel(R) Management Engine Components\DAL;C:\Program Files\Intel\Intel(R) Management Engine Components\DAL;C:\Program Files (x86)\Intel\Intel(R) Management Engine Components\IPT;C:\Program Files\Intel\Intel(R) Management Engine Components\IPT;C:\Program Files\Git\cmd;C:\Program Files\nodejs\;C:\Program Files (x86)\Windows Kits\8.1\Windows Performance Toolkit\;C:\Program Files\NVIDIA Corporation\NVIDIA NvDLISR;C:\WINDOWS\system32;C:\WINDOWS;C:\WINDOWS\System32\Wbem;C:\WINDOWS\System32\WindowsPowerShell\v1.0\;C:\WINDOWS\System32\OpenSSH\;C:\Users\jonat\AppData\Local\Programs\Python\Python37-32;C:\Users\jonat\AppData\Local\Programs\Python\Python37-32\Scripts;C:\Users\jonat\AppData\Local\Programs\Python\Python37-32\Scripts\aws;C:\Program Files\PuTTY\;C:\Users\jonat\AppData\Local\Microsoft\WindowsApps;C:\Users\jonat\AppData\Local\atom\bin;C:\Users\jonat\AppData\Roaming\npm;C:\sqlite;C:\Program Files\heroku\bin;C:\Users\jonat\AppData\Local\Microsoft\WindowsApps;;C:\Program Files\JetBrains\IntelliJ IDEA Community Edition 2018.3.4\bin;;C:\Program Files\JetBrains\PyCharm Community Edition 2018.3.4\bin;
USERNAME=Jonathan
OS=Windows_NT
PROCESSOR_IDENTIFIER=Intel64 Family 6 Model 158 Stepping 9, GenuineIntel



---------------  S Y S T E M  ---------------

OS: Windows 10 , 64 bit Build 17134 (10.0.17134.556)

CPU:total 8 (initial active 8) (4 cores per cpu, 2 threads per core) family 6 model 158 stepping 9, cmov, cx8, fxsr, mmx, sse, sse2, sse3, ssse3, sse4.1, sse4.2, popcnt, avx, avx2, aes, clmul, erms, 3dnowpref, lzcnt, ht, tsc, tscinvbit, bmi1, bmi2, adx, fma

Memory: 4k page, system-wide physical 16207M (8761M free)
TotalPageFile size 18639M (AvailPageFile size 8998M)
current process WorkingSet (physical memory assigned to process): 129M, peak: 135M
current process commit charge ("private bytes"): 365M, peak: 401M

vm_info: Java HotSpot(TM) 64-Bit Server VM (11.0.2+9-LTS) for windows-amd64 JRE (11.0.2+9-LTS), built on Jan 18 2019 05:24:10 by "mach5one" with MS VC++ 15.5 (VS2017)

END.
